{
  "RSpec": {
    "coverage": {
      "/Users/bruceb/Code/TMX/simple_shipping_safe/lib/simple_shipping/address.rb": [
        1,
        null,
        null,
        null,
        null,
        null,
        null,
        null,
        null,
        null,
        1,
        1,
        null,
        null,
        null,
        null,
        null,
        null,
        null,
        1,
        null,
        null
      ],
      "/Users/bruceb/Code/TMX/simple_shipping_safe/lib/simple_shipping/abstract.rb": [
        null,
        null,
        1,
        1,
        null,
        1,
        1,
        1,
        1,
        1,
        null
      ],
      "/Users/bruceb/Code/TMX/simple_shipping_safe/lib/simple_shipping/abstract/model.rb": [
        1,
        null,
        1,
        1,
        null,
        null,
        1,
        null,
        null,
        1,
        2,
        null,
        null,
        null,
        null,
        null,
        null,
        null,
        1,
        5,
        78,
        78,
        78,
        62,
        null,
        7,
        null,
        null,
        null,
        null,
        null,
        1,
        83,
        83,
        141,
        141,
        null,
        null,
        null,
        null
      ],
      "/Users/bruceb/Code/TMX/simple_shipping_safe/lib/simple_shipping/contact.rb": [
        1,
        null,
        null,
        null,
        null,
        null,
        null,
        null,
        null,
        1,
        1,
        null,
        null,
        null,
        null,
        1,
        1,
        null,
        null,
        1,
        6,
        null,
        null,
        null
      ],
      "/Users/bruceb/Code/TMX/simple_shipping_safe/lib/simple_shipping/fedex.rb": [
        null,
        1,
        1,
        null,
        1,
        1,
        1,
        1,
        1,
        1,
        null,
        1,
        1,
        null
      ],
      "/Users/bruceb/Code/TMX/simple_shipping_safe/lib/simple_shipping/fedex/package_builder.rb": [
        1,
        null,
        1,
        null,
        1,
        null,
        null,
        1,
        null,
        null,
        null,
        1,
        null,
        null,
        null,
        null,
        null,
        null,
        null,
        null,
        0,
        null,
        null,
        null
      ],
      "/Users/bruceb/Code/TMX/simple_shipping_safe/lib/simple_shipping/abstract/builder.rb": [
        1,
        null,
        null,
        null,
        1,
        1,
        null,
        null,
        null,
        null,
        null,
        null,
        1,
        17,
        null,
        16,
        16,
        12,
        null,
        null,
        null,
        1,
        2,
        null,
        null,
        null,
        1,
        null,
        null,
        1,
        null,
        1,
        40,
        40,
        40,
        null,
        1,
        null,
        null,
        1,
        9,
        3,
        null,
        null,
        1,
        null,
        null
      ],
      "/Users/bruceb/Code/TMX/simple_shipping_safe/lib/simple_shipping/fedex/party_builder.rb": [
        1,
        null,
        1,
        null,
        1,
        null,
        null,
        0,
        null,
        null,
        null,
        null,
        null,
        1,
        0,
        0,
        0,
        0,
        0,
        null,
        0,
        0,
        0,
        null,
        0,
        0,
        0,
        null,
        1,
        null,
        null,
        null,
        null,
        1,
        0,
        null,
        null,
        null,
        null,
        null,
        null,
        0,
        null,
        1,
        null,
        null
      ],
      "/Users/bruceb/Code/TMX/simple_shipping_safe/lib/simple_shipping/ups.rb": [
        null,
        1,
        1,
        null,
        1,
        1,
        1,
        null,
        1,
        1,
        1,
        1,
        1,
        null,
        1,
        1,
        1,
        1,
        null,
        1,
        1,
        1,
        1,
        null
      ],
      "/Users/bruceb/Code/TMX/simple_shipping_safe/lib/simple_shipping/ups/shipment_response.rb": [
        null,
        1,
        null,
        1,
        null,
        null
      ],
      "/Users/bruceb/Code/TMX/simple_shipping_safe/lib/simple_shipping/ups/response.rb": [
        1,
        null,
        1,
        null,
        null,
        null,
        1,
        0,
        null,
        null,
        null,
        null,
        null,
        1,
        1,
        null,
        null,
        null,
        null,
        null,
        1,
        1,
        null,
        null,
        null,
        null,
        null,
        null,
        1,
        0,
        null,
        null,
        null,
        null,
        null,
        1,
        1,
        1,
        null,
        null,
        null,
        null,
        null,
        1,
        0,
        0,
        null,
        null,
        null,
        null,
        null,
        1,
        3,
        null,
        null,
        null,
        null,
        1,
        3,
        null,
        1,
        null,
        null
      ],
      "/Users/bruceb/Code/TMX/simple_shipping_safe/lib/simple_shipping/abstract/response.rb": [
        1,
        null,
        null,
        null,
        null,
        null,
        null,
        null,
        null,
        null,
        null,
        1,
        1,
        null,
        1,
        13,
        null,
        null,
        null,
        null,
        1,
        3,
        null,
        null,
        null
      ],
      "/Users/bruceb/Code/TMX/simple_shipping_safe/lib/simple_shipping/fedex/response.rb": [
        1,
        null,
        1,
        null,
        null
      ],
      "/Users/bruceb/Code/TMX/simple_shipping_safe/lib/simple_shipping/fedex/shipment_builder.rb": [
        1,
        null,
        1,
        null,
        1,
        null,
        null,
        1,
        null,
        null,
        1,
        null,
        null,
        null,
        null,
        null,
        null,
        null,
        null,
        null,
        null,
        1,
        null,
        null,
        null,
        null,
        null,
        null,
        null,
        null,
        null,
        null,
        null,
        null,
        null,
        null,
        null,
        null,
        null,
        null,
        null,
        null,
        null,
        null,
        null,
        null,
        1,
        null,
        null,
        null,
        null,
        null,
        null,
        null,
        null,
        1,
        null,
        null,
        1,
        null,
        null,
        null,
        null,
        null,
        null,
        null,
        null,
        null,
        null,
        null,
        null,
        null,
        null,
        2,
        null,
        null,
        null,
        1,
        4,
        3,
        null,
        null,
        null,
        null,
        null,
        null,
        null,
        null,
        1,
        4,
        null,
        1,
        null,
        null,
        null,
        null,
        1,
        null,
        null,
        0,
        null,
        1,
        null,
        null,
        null,
        null,
        1,
        0,
        null,
        1,
        null,
        null,
        null,
        null,
        1,
        null,
        null,
        null,
        0,
        null,
        1,
        null,
        null
      ],
      "/Users/bruceb/Code/TMX/simple_shipping_safe/lib/simple_shipping/package.rb": [
        1,
        null,
        null,
        null,
        null,
        null,
        null,
        null,
        null,
        null,
        null,
        null,
        null,
        null,
        null,
        null,
        null,
        null,
        null,
        null,
        null,
        1,
        1,
        1,
        1,
        null,
        1,
        1,
        null,
        1,
        1,
        1,
        null,
        null,
        null,
        1,
        null,
        1,
        58,
        null,
        null,
        null
      ],
      "/Users/bruceb/Code/TMX/simple_shipping_safe/lib/simple_shipping/party.rb": [
        1,
        null,
        null,
        null,
        null,
        null,
        null,
        null,
        null,
        null,
        null,
        1,
        1,
        null,
        null,
        null,
        1,
        1,
        1,
        null,
        null
      ],
      "/Users/bruceb/Code/TMX/simple_shipping_safe/lib/simple_shipping/shipment.rb": [
        1,
        null,
        null,
        null,
        null,
        null,
        null,
        null,
        1,
        1,
        null,
        null,
        null,
        null,
        1,
        null,
        1,
        1,
        1,
        1,
        1,
        1,
        null,
        null,
        1,
        18,
        null,
        13,
        null,
        3,
        null,
        null,
        null,
        null,
        null,
        null,
        1,
        18,
        null,
        1,
        null,
        null
      ],
      "/Users/bruceb/Code/TMX/simple_shipping_safe/lib/simple_shipping/ups/package_builder.rb": [
        null,
        1,
        null,
        1,
        null,
        null,
        1,
        null,
        null,
        null,
        null,
        null,
        null,
        null,
        null,
        null,
        null,
        1,
        null,
        null,
        null,
        null,
        null,
        1,
        null,
        null,
        null,
        null,
        null,
        1,
        null,
        null,
        1,
        null,
        null,
        null,
        null,
        null,
        1,
        6,
        null,
        null,
        null,
        null,
        null,
        null,
        null,
        null,
        null,
        null,
        null,
        null,
        null,
        6,
        0,
        null,
        null,
        null,
        null,
        null,
        6,
        0,
        null,
        null,
        null,
        null,
        null,
        6,
        null,
        null,
        null,
        null,
        1,
        1,
        1,
        null,
        null,
        null,
        null,
        null,
        null,
        null,
        null,
        1,
        null,
        null,
        null,
        null,
        null,
        1,
        5,
        5,
        null,
        null,
        null,
        1,
        6,
        null,
        null,
        null
      ],
      "/Users/bruceb/Code/TMX/simple_shipping_safe/lib/simple_shipping/ups/party_builder.rb": [
        1,
        null,
        1,
        null,
        1,
        3,
        3,
        null,
        null,
        null,
        null,
        3,
        null,
        null,
        null,
        null,
        null,
        1,
        2,
        null,
        null,
        null,
        null,
        null,
        null,
        2,
        null,
        null,
        null,
        null,
        null,
        1,
        4,
        1,
        null,
        null,
        null,
        null
      ],
      "/Users/bruceb/Code/TMX/simple_shipping_safe/lib/simple_shipping/ups/shipment_builder.rb": [
        1,
        null,
        1,
        1,
        null,
        null,
        1,
        null,
        null,
        null,
        null,
        null,
        null,
        null,
        null,
        null,
        null,
        null,
        null,
        null,
        null,
        null,
        null,
        null,
        1,
        null,
        null,
        1,
        null,
        null,
        null,
        null,
        null,
        1,
        null,
        null,
        null,
        1,
        0,
        null,
        null,
        null,
        1,
        0,
        0,
        0,
        0,
        null,
        0,
        0,
        null,
        0,
        null,
        null,
        null,
        1,
        0,
        null,
        null,
        null,
        1,
        2,
        null,
        null,
        null
      ]
    },
    "timestamp": 1389308286
  }
}
